{
  "timestamp": "2023-05-25 23:28:23.637266",
  "device_info": {
    "serial_number": "ADcAQDdTUA0gMjlC",
    "model": "800",
    "git_hash": "75df0139aaf6e76f207dffae17b81b39f3d5d5ce",
    "git_dirty": false,
    "git_timestamp": 1659188141,
    "uuid": "01e6abe2-0c78-4b1e-a79c-4d2a4f80e8a5"
  },
  "calibration": {
    "invert": false,
    "phase_invert": false,
    "poles": 28,
    "offset": [
      0.3764974738350536,
      0.3840396974915124,
      0.38804675265087346,
      0.32986458615301617,
      0.27710473079776077,
      0.3014172483130277,
      0.2994848130607684,
      0.27818691745593466,
      0.273115204070032,
      0.2551531109457405,
      0.25364340575849365,
      0.28578043318042773,
      0.30536893211140315,
      0.3091682309904121,
      0.30428566364654536,
      0.314410389399322,
      0.3505429551236101,
      0.41501585999224583,
      0.41344449825918916,
      0.38090885407680125,
      0.45296797468524963,
      0.5512529615089216,
      0.57323208032524,
      0.5604093921908202,
      0.5445275098890962,
      0.6220521942322188,
      0.7304558302052365,
      0.7140196349659487,
      0.6486175920647163,
      0.7012133573705089,
      0.7655751259918266,
      0.7843434572987518,
      0.7339659173594985,
      0.6665725932580038,
      0.6819108606048966,
      0.7363920158335764,
      0.7010871168078217,
      0.6451971106765535,
      0.6258004895041712,
      0.6409280393162589,
      0.6324259600273613,
      0.5923210103287606,
      0.5362455852960776,
      0.5409605850898777,
      0.5446793676426951,
      0.5075163944192695,
      0.48220440367376527,
      0.46872510095843023,
      0.44623882821390115,
      0.431949636451023,
      0.413675609926166,
      0.40700079516411863,
      0.4409828416245898,
      0.4195707868571104,
      0.3884412268090642,
      0.4374384134789076,
      0.46392541867860543,
      0.4621654951793741,
      0.43465335659746046,
      0.40446896011251277,
      0.44683334298309546,
      0.4720661322572695,
      0.4208942547732851,
      0.3687101357061497
    ]
  },
  "winding_resistance": 0.05640949346293434,
  "inductance": 3.380520665268541e-05,
  "pid_dq_kp": 0.021240437774632255,
  "pid_dq_ki": 35.443130051175196,
  "torque_bw_hz": 100.0,
  "encoder_filter_bw_hz": 200.0,
  "encoder_filter_kp": 2513.2741228718346,
  "encoder_filter_ki": 1579136.7041742974,
  "v_per_hz": 0.2970716432084087,
  "kv": 100.98574093439709,
  "unwrapped_position_scale": 1.0
}
