{
  "timestamp": "2023-05-25 23:50:18.184861",
  "device_info": {
    "serial_number": "ADcAQDdTUA0gMjlC",
    "model": "800",
    "git_hash": "75df0139aaf6e76f207dffae17b81b39f3d5d5ce",
    "git_dirty": false,
    "git_timestamp": 1659188141,
    "uuid": "01e6abe2-0c78-4b1e-a79c-4d2a4f80e8a5"
  },
  "calibration": {
    "invert": false,
    "phase_invert": false,
    "poles": 28,
    "offset": [
      0.38264368656496256,
      0.37636790689128075,
      0.3814256980480149,
      0.3315585787122661,
      0.27182429105242156,
      0.29145178467331306,
      0.30525994548747953,
      0.29985568892688264,
      0.2926032277345895,
      0.26995288768483516,
      0.26417047275631317,
      0.29725362151528334,
      0.3070899344131886,
      0.30657909155234736,
      0.30558701414760336,
      0.3104280036403452,
      0.35911811867305826,
      0.4206535068899416,
      0.4151904882716454,
      0.38867204679031814,
      0.44257157194138363,
      0.5265745095271019,
      0.5726123995661191,
      0.5687281504968551,
      0.5481710816178585,
      0.6327684064998768,
      0.7272879794995069,
      0.7088250832731171,
      0.6442717552005458,
      0.6816882177532524,
      0.755515466779669,
      0.7800184358002257,
      0.7173011310183061,
      0.6617516361012353,
      0.6972212468429684,
      0.7398554991350229,
      0.7002601614259854,
      0.6340245068950854,
      0.6172890041207247,
      0.6351317690637677,
      0.637079361938832,
      0.6080891723495294,
      0.5514873455496421,
      0.5430669674182904,
      0.5363121504543881,
      0.4927863843444073,
      0.4775790748590679,
      0.47439607531353156,
      0.4420208414739064,
      0.4168440621416554,
      0.3976582125649483,
      0.4023730722802896,
      0.4381522374061749,
      0.41517857489428384,
      0.3675282894694087,
      0.40349125178863077,
      0.4471902480207055,
      0.4320560393097153,
      0.3971550980436782,
      0.4009841528969537,
      0.45741263787968867,
      0.4841163696121119,
      0.4179055741046324,
      0.3732696086161173
    ]
  },
  "winding_resistance": 0.05735062549544696,
  "inductance": 3.325681588015225e-05,
  "pid_dq_kp": 0.020895873690174937,
  "pid_dq_ki": 36.03446074705513,
  "torque_bw_hz": 100.0,
  "encoder_filter_bw_hz": 200.0,
  "encoder_filter_kp": 2513.2741228718346,
  "encoder_filter_ki": 1579136.7041742974,
  "v_per_hz": 0.2718930447104524,
  "kv": 110.33750433722187,
  "unwrapped_position_scale": 1.0
}
