{
  "timestamp": "2023-05-26 03:06:37.405875",
  "device_info": {
    "serial_number": "ADcAQDdTUA0gMjlC",
    "model": "800",
    "git_hash": "75df0139aaf6e76f207dffae17b81b39f3d5d5ce",
    "git_dirty": false,
    "git_timestamp": 1659188141,
    "uuid": "01e6abe2-0c78-4b1e-a79c-4d2a4f80e8a5"
  },
  "calibration": {
    "invert": false,
    "phase_invert": false,
    "poles": 28,
    "offset": [
      1.5678529397817265,
      1.3937791864802098,
      1.2174015932677393,
      1.0585797967389505,
      0.9284686990508525,
      0.8330179864104055,
      0.7795660275926433,
      0.7517791083001942,
      0.7565966585544527,
      0.7975080335207171,
      0.8587465514895282,
      0.9372713740864737,
      1.0272816255989923,
      1.1010136100907353,
      1.165997081489876,
      1.2443126274825567,
      1.3139309892312514,
      1.3564830872360003,
      1.402174548157737,
      1.4477315048094028,
      1.497789971215313,
      1.5547221618703992,
      1.5869999274684312,
      1.6009528713106456,
      1.6243346662455833,
      1.6502994512614504,
      1.618399376557624,
      1.5608849221691934,
      1.4888109910334688,
      1.4153502621011755,
      1.3419547885051806,
      1.2441593217512845,
      1.132616968588066,
      1.047009860404306,
      0.9881252078389768,
      0.9689297644501031,
      0.9682506740304222,
      1.002467928992105,
      1.0984219793110173,
      1.2510592696216176,
      1.4239492817019122,
      1.6301000227449156,
      1.8782742778567096,
      2.1385516060159464,
      2.3824368633995823,
      2.6067209037697343,
      2.816906791193324,
      2.989446196111565,
      3.110891605233389,
      3.199625571919812,
      3.262940036783848,
      3.2815073585200656,
      3.261078649124364,
      3.224328615655822,
      3.1590118801266245,
      3.0663196369845087,
      2.9628653002659724,
      2.8253163663366636,
      2.6844063982030395,
      2.5229396511322637,
      2.351332876441518,
      2.1576886574426584,
      1.954820415142469,
      1.7694240932507963
    ]
  },
  "winding_resistance": 0.21210899547699139,
  "inductance": 0.0001253253134958695,
  "pid_dq_kp": 0.07874421683749228,
  "pid_dq_ki": 133.27201239016537,
  "torque_bw_hz": 100.0,
  "encoder_filter_bw_hz": 200.0,
  "encoder_filter_kp": 2513.2741228718346,
  "encoder_filter_ki": 1579136.7041742974,
  "v_per_hz": 0.32271224112752894,
  "kv": 92.9620763537899,
  "unwrapped_position_scale": 1.0
}
