{
  "timestamp": "2023-05-26 02:57:25.938322",
  "device_info": {
    "serial_number": "ADcAQDdTUA0gMjlC",
    "model": "800",
    "git_hash": "75df0139aaf6e76f207dffae17b81b39f3d5d5ce",
    "git_dirty": false,
    "git_timestamp": 1659188141,
    "uuid": "01e6abe2-0c78-4b1e-a79c-4d2a4f80e8a5"
  },
  "calibration": {
    "invert": false,
    "phase_invert": false,
    "poles": 28,
    "offset": [
      1.562366839782916,
      1.3933290404228422,
      1.2112626560368136,
      1.0511669442894263,
      0.9159447808626279,
      0.8181868648231472,
      0.7725149474435473,
      0.74334451132377,
      0.749753599770095,
      0.7875965619218536,
      0.8431379425561115,
      0.9318827006883887,
      1.030023298282763,
      1.101525152292924,
      1.1604543781020562,
      1.2456162195370568,
      1.321554083950543,
      1.3610808654660647,
      1.4043096594503328,
      1.452543257216877,
      1.5020138895452786,
      1.5602078195609288,
      1.589269808730939,
      1.5980899775560824,
      1.627870408311316,
      1.6530346533078406,
      1.6138979198986507,
      1.5598364408467793,
      1.4931102097304754,
      1.4166017554803079,
      1.3426004636411848,
      1.2370698956453152,
      1.1279735340866583,
      1.0451521424237098,
      0.9937046281203573,
      0.9846885105618147,
      0.9730131054104538,
      0.9977916766893357,
      1.1074974871909438,
      1.2667335213661894,
      1.4332857855773051,
      1.6358707807569868,
      1.8890612705168464,
      2.155413587667028,
      2.384286127309026,
      2.597189348949364,
      2.8142782841290033,
      2.992733769243635,
      3.1142854673324702,
      3.199832870243775,
      3.2694411933714758,
      3.2876365477912706,
      3.264287180145195,
      3.231184176788174,
      3.162423441697102,
      3.074131529092924,
      2.973448951236569,
      2.8293785030733343,
      2.6938813123017513,
      2.5298199402260786,
      2.360526138001429,
      2.1652076518567607,
      1.954641025719,
      1.7676727781058983
    ]
  },
  "winding_resistance": 0.2137951143676693,
  "inductance": 0.0001183951694292241,
  "pid_dq_kp": 0.07438987889987386,
  "pid_dq_ki": 134.3314321341719,
  "torque_bw_hz": 100.0,
  "encoder_filter_bw_hz": 200.0,
  "encoder_filter_kp": 2513.2741228718346,
  "encoder_filter_ki": 1579136.7041742974,
  "v_per_hz": 0.34253732000118675,
  "kv": 87.58169766697556,
  "unwrapped_position_scale": 1.0
}
