{
  "timestamp": "2023-05-26 02:59:23.752899",
  "device_info": {
    "serial_number": "ADcAQDdTUA0gMjlC",
    "model": "800",
    "git_hash": "75df0139aaf6e76f207dffae17b81b39f3d5d5ce",
    "git_dirty": false,
    "git_timestamp": 1659188141,
    "uuid": "01e6abe2-0c78-4b1e-a79c-4d2a4f80e8a5"
  },
  "calibration": {
    "invert": false,
    "phase_invert": false,
    "poles": 28,
    "offset": [
      1.562507445965071,
      1.3928867532513087,
      1.2203167809410604,
      1.0579487257578772,
      0.9215943847355709,
      0.8245765875114973,
      0.7860232299035936,
      0.7550217509623669,
      0.7554075606119762,
      0.7920255587686238,
      0.8488574246680721,
      0.9334540767048849,
      1.0285375830138634,
      1.1012085020731628,
      1.1595482552066736,
      1.2456394408038909,
      1.32070275869409,
      1.3583676725084965,
      1.398750328342009,
      1.4475195764405462,
      1.5004573730065769,
      1.5564431532420646,
      1.5859927545086048,
      1.593789584130919,
      1.6273033624464854,
      1.6537283138922607,
      1.6198327000001418,
      1.5627182203437961,
      1.486450348532668,
      1.4138876198689772,
      1.343732819212442,
      1.2323768911971238,
      1.119959921169956,
      1.0455913976365743,
      0.9864365984907353,
      0.9722638660636119,
      0.967810175724672,
      0.9950931009044213,
      1.097276827879763,
      1.2517128411909226,
      1.4190989354167078,
      1.624988179928417,
      1.8758883625862122,
      2.1401928963226178,
      2.378523226671641,
      2.596346435924837,
      2.8144422435665133,
      2.9960796287223412,
      3.1150714426743717,
      3.196621224751791,
      3.268202267454574,
      3.2874961967565293,
      3.2617742692433285,
      3.22686313472315,
      3.161702979721957,
      3.0697608004836012,
      2.968608181687467,
      2.829088081102409,
      2.689902048272464,
      2.518773906123472,
      2.352875801642531,
      2.165298853010386,
      1.9591951748265417,
      1.7706452986867134
    ]
  },
  "winding_resistance": 0.21223309274504906,
  "inductance": 0.00011943168148119284,
  "pid_dq_kp": 0.07504113862943831,
  "pid_dq_ki": 133.3499850032975,
  "torque_bw_hz": 100.0,
  "encoder_filter_bw_hz": 200.0,
  "encoder_filter_kp": 2513.2741228718346,
  "encoder_filter_ki": 1579136.7041742974,
  "v_per_hz": 0.28865207072304555,
  "kv": 103.93135211139452,
  "unwrapped_position_scale": 1.0
}
