{
  "timestamp": "2023-05-25 23:33:20.681932",
  "device_info": {
    "serial_number": "ADcAQDdTUA0gMjlC",
    "model": "800",
    "git_hash": "75df0139aaf6e76f207dffae17b81b39f3d5d5ce",
    "git_dirty": false,
    "git_timestamp": 1659188141,
    "uuid": "01e6abe2-0c78-4b1e-a79c-4d2a4f80e8a5"
  },
  "calibration": {
    "invert": false,
    "phase_invert": false,
    "poles": 28,
    "offset": [
      0.39623891992377763,
      0.4028428071502024,
      0.4092715253542653,
      0.3513385014673119,
      0.274424456807151,
      0.2949402513324671,
      0.31031616937441353,
      0.2913829084613602,
      0.2872186781048664,
      0.2760182292769255,
      0.2724467209008792,
      0.3067473729563934,
      0.30750769865675065,
      0.3069661452219515,
      0.3031813130248194,
      0.3131801226032553,
      0.3593074287724488,
      0.419071735333253,
      0.41340371481657884,
      0.38946123307389163,
      0.4357811504013116,
      0.5209887331921019,
      0.5619594519449049,
      0.5663179691257795,
      0.561477560215678,
      0.6331718143744541,
      0.7339918281457208,
      0.7075568235053852,
      0.6540394427487062,
      0.6904722488740652,
      0.7707428768802216,
      0.78610283100667,
      0.7277060823565638,
      0.6842187109603289,
      0.7089406816540341,
      0.7432305727658515,
      0.6878080719844911,
      0.6255158889115034,
      0.6105230323318811,
      0.615853055258681,
      0.6268079776606129,
      0.597125556918357,
      0.5373226103946959,
      0.5434928403128473,
      0.5448716973332045,
      0.5038793826993911,
      0.4819001975101258,
      0.4706606145672289,
      0.44945861783979285,
      0.4321832131809976,
      0.4080919043156999,
      0.40978347087962363,
      0.423450275951075,
      0.39615002930471477,
      0.3768526799064507,
      0.42593287968777266,
      0.4384454974534667,
      0.4196101529715034,
      0.4180173693644851,
      0.40847412470189914,
      0.461783177387756,
      0.48549077790750056,
      0.43452857317904664,
      0.39583948400715085
    ]
  },
  "winding_resistance": 0.05738331487149284,
  "inductance": 3.3608796673708436e-05,
  "pid_dq_kp": 0.0211170297452231,
  "pid_dq_ki": 36.05500008778237,
  "torque_bw_hz": 100.0,
  "encoder_filter_bw_hz": 200.0,
  "encoder_filter_kp": 2513.2741228718346,
  "encoder_filter_ki": 1579136.7041742974,
  "v_per_hz": 0.2633914643108391,
  "kv": 113.89890738674723,
  "unwrapped_position_scale": 1.0
}
