{
  "timestamp": "2023-05-28 17:12:19.833543",
  "device_info": {
    "serial_number": "ADcAQDdTUA0gMjlC",
    "model": "800",
    "git_hash": "75df0139aaf6e76f207dffae17b81b39f3d5d5ce",
    "git_dirty": false,
    "git_timestamp": 1659188141,
    "uuid": "01e6abe2-0c78-4b1e-a79c-4d2a4f80e8a5"
  },
  "calibration": {
    "invert": false,
    "phase_invert": true,
    "poles": 28,
    "offset": [
      2.036907746058874,
      2.0828334188576734,
      2.1327772627026476,
      2.135486787770221,
      2.144924227989876,
      2.2310689376728523,
      2.3097019999542927,
      2.3669064279827206,
      2.416627013756912,
      2.498161952037568,
      2.571679741599208,
      2.648208909506972,
      2.6968853913795825,
      2.7021625185833367,
      2.748821507905755,
      2.7889985542756546,
      2.774918293670311,
      2.7631468935147017,
      2.7196347246019608,
      2.6797386932207337,
      2.6649574144509907,
      2.5957913699017037,
      2.518337385488963,
      2.4474352018159267,
      2.366000830332462,
      2.3049612022663677,
      2.24222664624819,
      2.131377356297724,
      2.0454119775854953,
      1.9840239182716919,
      1.9372662823143454,
      1.9048193144407766,
      1.8278403855427432,
      1.780241236304993,
      1.804178093789782,
      1.8019909723886414,
      1.8038031603812554,
      1.8132474071995388,
      1.8482469283682585,
      1.9221664547433925,
      1.9751116133223185,
      1.998247129118482,
      2.073544700026041,
      2.1610113424033166,
      2.198860107427844,
      2.224110595486434,
      2.282974741367956,
      2.316384714838833,
      2.333607146857527,
      2.3356914986359447,
      2.3146819303912,
      2.3394235706890316,
      2.3655611186873244,
      2.2959426082418197,
      2.2492329672591085,
      2.2448667810416327,
      2.2340173499684113,
      2.221532185429714,
      2.1496069856137243,
      2.0925776294559624,
      2.115555014169974,
      2.11915095323322,
      2.0780288982088875,
      2.048193914356728
    ]
  },
  "winding_resistance": 0.038055525339731944,
  "inductance": 1.3644318819576772e-05,
  "pid_dq_kp": 0.00857297835336387,
  "pid_dq_ki": 23.910991767160418,
  "torque_bw_hz": 100.0,
  "encoder_filter_bw_hz": 200.0,
  "encoder_filter_kp": 2513.2741228718346,
  "encoder_filter_ki": 1579136.7041742974,
  "v_per_hz": 0.12910833010813325,
  "kv": 232.36300845091742,
  "unwrapped_position_scale": 1.0
}
