{
  "timestamp": "2023-05-28 17:14:02.666901",
  "device_info": {
    "serial_number": "ADcAQDdTUA0gMjlC",
    "model": "800",
    "git_hash": "75df0139aaf6e76f207dffae17b81b39f3d5d5ce",
    "git_dirty": false,
    "git_timestamp": 1659188141,
    "uuid": "01e6abe2-0c78-4b1e-a79c-4d2a4f80e8a5"
  },
  "calibration": {
    "invert": false,
    "phase_invert": true,
    "poles": 28,
    "offset": [
      2.0363069037705808,
      2.0814105236055354,
      2.127098476465629,
      2.1233784896604813,
      2.135617737439976,
      2.226086000164987,
      2.301664580755535,
      2.361553983895575,
      2.4133856476469786,
      2.4914733974072725,
      2.5634456271052373,
      2.640123804075039,
      2.6875542189875907,
      2.690524894587399,
      2.735692761972424,
      2.785575417351798,
      2.7703510220635783,
      2.760480059834325,
      2.716897012741821,
      2.6728676684178425,
      2.6582070013688512,
      2.5941876629892313,
      2.5094397922703022,
      2.4439716715612256,
      2.370594036140031,
      2.301566465964342,
      2.2345440412523763,
      2.1364924603729154,
      2.067075389660774,
      2.009529187751148,
      1.9450745555284394,
      1.9062895873249832,
      1.8304191883228689,
      1.7918236259739146,
      1.8086804866108845,
      1.7975909986352565,
      1.805558361433951,
      1.8117778214853237,
      1.846886469168317,
      1.9168217944481194,
      1.9715498096151225,
      1.9977474900983712,
      2.0763602767171467,
      2.1609513047332216,
      2.196165083898106,
      2.218327675943638,
      2.2801839272929145,
      2.3209642813371048,
      2.3359881758298924,
      2.3357283056179488,
      2.311876285931708,
      2.326816491931056,
      2.3555416623852743,
      2.2942442924599487,
      2.248614960219793,
      2.2391835802718836,
      2.225214762943052,
      2.221668428335211,
      2.163365125120411,
      2.0969401877861418,
      2.122867489004001,
      2.1231776958403388,
      2.0840539611769917,
      2.0484453378025846
    ]
  },
  "winding_resistance": 0.03703833148116495,
  "inductance": 1.3612797798215187e-05,
  "pid_dq_kp": 0.00855317311153523,
  "pid_dq_ki": 23.271870016490276,
  "torque_bw_hz": 100.0,
  "encoder_filter_bw_hz": 200.0,
  "encoder_filter_kp": 2513.2741228718346,
  "encoder_filter_ki": 1579136.7041742974,
  "v_per_hz": 0.12276751680215577,
  "kv": 244.36431379764787,
  "unwrapped_position_scale": 1.0
}
