{
  "timestamp": "2023-05-28 17:20:55.904197",
  "device_info": {
    "serial_number": "ADcAQDdTUA0gMjlC",
    "model": "800",
    "git_hash": "75df0139aaf6e76f207dffae17b81b39f3d5d5ce",
    "git_dirty": false,
    "git_timestamp": 1659188141,
    "uuid": "01e6abe2-0c78-4b1e-a79c-4d2a4f80e8a5"
  },
  "calibration": {
    "invert": false,
    "phase_invert": true,
    "poles": 28,
    "offset": [
      2.0231071455958434,
      2.072521381860559,
      2.128990085978437,
      2.1322901449594314,
      2.1459607798897857,
      2.2331992935696223,
      2.308459516660886,
      2.360079551670709,
      2.4078046838372553,
      2.494322345521916,
      2.5703279436434343,
      2.641369429058487,
      2.6903407254211755,
      2.700072912157278,
      2.7400922416884375,
      2.785282631785413,
      2.7753371506664704,
      2.76339614597962,
      2.72364905021142,
      2.683230509411022,
      2.676480833223977,
      2.6148056278217764,
      2.5180551410582765,
      2.4431303335216286,
      2.36977458734665,
      2.3166127477856744,
      2.2472007642446115,
      2.1471668417933025,
      2.072753948803017,
      2.0099999831660904,
      1.9518418845802468,
      1.913130045220313,
      1.829567720859737,
      1.783112169965445,
      1.8031527302195205,
      1.7945752372913861,
      1.8012117012644586,
      1.8198492953249517,
      1.8448371443000644,
      1.9065244077234935,
      1.9630410399270735,
      1.994908880477132,
      2.0670177099464984,
      2.1527242770062966,
      2.1939627314270576,
      2.216449612451721,
      2.275938486381998,
      2.314512714909143,
      2.3367363242960733,
      2.3408820166945494,
      2.3219446976996814,
      2.3412717243699874,
      2.3682926600361367,
      2.3081471263233113,
      2.259987848957296,
      2.257400737497057,
      2.2458167352467604,
      2.23222547664097,
      2.1624604875299354,
      2.0995487552743812,
      2.11323285561109,
      2.116981663426469,
      2.0677411699292003,
      2.0321564847132327
    ]
  },
  "winding_resistance": 0.03808941598219453,
  "inductance": 1.3696757386082611e-05,
  "pid_dq_kp": 0.008605926476423774,
  "pid_dq_ki": 23.932285885837597,
  "torque_bw_hz": 100.0,
  "encoder_filter_bw_hz": 200.0,
  "encoder_filter_kp": 2513.2741228718346,
  "encoder_filter_ki": 1579136.7041742974,
  "v_per_hz": 0.12686633032248826,
  "kv": 236.46936049731562,
  "unwrapped_position_scale": 1.0
}
