{
  "timestamp": "2023-05-28 17:32:47.870023",
  "device_info": {
    "serial_number": "ADcAQDdTUA0gMjlC",
    "model": "800",
    "git_hash": "75df0139aaf6e76f207dffae17b81b39f3d5d5ce",
    "git_dirty": false,
    "git_timestamp": 1659188141,
    "uuid": "01e6abe2-0c78-4b1e-a79c-4d2a4f80e8a5"
  },
  "calibration": {
    "invert": false,
    "phase_invert": true,
    "poles": 28,
    "offset": [
      -1.239169665984143,
      -1.4530674324882804,
      -1.6383445634030558,
      -1.7253524472445712,
      -1.7803703612633766,
      -1.8105705185616496,
      -1.8437425980114814,
      -1.8489142008369932,
      -1.7378834835897314,
      -1.5933245124009332,
      -1.4864865492275705,
      -1.3496385968446833,
      -1.1661852051800257,
      -0.9848772778360286,
      -0.8372387935640548,
      -0.7091478162731975,
      -0.5782318911947235,
      -0.48139164684626495,
      -0.3792720727203999,
      -0.3120217686425447,
      -0.285630561682956,
      -0.24796730190196184,
      -0.20530601757736056,
      -0.2250853825957823,
      -0.2850397550584591,
      -0.35490510804434366,
      -0.44118550813458735,
      -0.5296868515703224,
      -0.6745671944090444,
      -0.8447067845543706,
      -1.021492006834649,
      -1.200072220925801,
      -1.3351252024203828,
      -1.5161425440304013,
      -1.685932865741461,
      -1.8103355082015975,
      -1.9025611487760523,
      -1.9230920616568041,
      -1.9369448086708343,
      -1.9352787278869197,
      -1.8391057555703922,
      -1.7074217104052603,
      -1.5837214776951787,
      -1.4403836759066653,
      -1.2593370704778224,
      -1.0824904334021128,
      -0.9258475256936194,
      -0.8081166436532201,
      -0.6589854457602013,
      -0.5417848515083353,
      -0.4411964268809828,
      -0.38480953334751905,
      -0.3289815402391479,
      -0.2553039809496831,
      -0.20239999343534384,
      -0.23789347146410733,
      -0.2963248252660727,
      -0.3167894151376268,
      -0.3664654396510141,
      -0.4731152527492251,
      -0.6466328752621197,
      -0.8244693858653787,
      -0.9508363479979737,
      -1.092003370260051
    ]
  },
  "winding_resistance": 0.03000304860153151,
  "inductance": 1.0717319302328058e-05,
  "pid_dq_kp": 0.006733890317273983,
  "pid_dq_ki": 18.851471414373783,
  "torque_bw_hz": 100.0,
  "encoder_filter_bw_hz": 200.0,
  "encoder_filter_kp": 2513.2741228718346,
  "encoder_filter_ki": 1579136.7041742974,
  "v_per_hz": 0.10925970891490096,
  "kv": 274.5751411745576,
  "unwrapped_position_scale": 1.0
}
