{
  "timestamp": "2023-05-28 17:34:29.973803",
  "device_info": {
    "serial_number": "ADcAQDdTUA0gMjlC",
    "model": "800",
    "git_hash": "75df0139aaf6e76f207dffae17b81b39f3d5d5ce",
    "git_dirty": false,
    "git_timestamp": 1659188141,
    "uuid": "01e6abe2-0c78-4b1e-a79c-4d2a4f80e8a5"
  },
  "calibration": {
    "invert": false,
    "phase_invert": true,
    "poles": 28,
    "offset": [
      -1.2210750712303302,
      -1.4323551348269097,
      -1.6205911722269872,
      -1.7076779054511595,
      -1.7719190944773957,
      -1.8033710072911902,
      -1.8401322659958794,
      -1.849883678986673,
      -1.7422440277446267,
      -1.6054480726787803,
      -1.4974049023496272,
      -1.351239717131354,
      -1.172370977942689,
      -0.9936094033461921,
      -0.8528212680548422,
      -0.7371078785987112,
      -0.6036384037523942,
      -0.5060883616241928,
      -0.3981468722655831,
      -0.3271087976922739,
      -0.298732720334263,
      -0.27301667944414,
      -0.23316071036335925,
      -0.23877547695966597,
      -0.2813763648322533,
      -0.338795308280308,
      -0.4306512838201989,
      -0.5330586509476464,
      -0.6718569443726805,
      -0.8452809191590953,
      -1.0234713861022677,
      -1.1958746693014104,
      -1.331517207811226,
      -1.4949056921534611,
      -1.6602238225337074,
      -1.7973636240121555,
      -1.8933374172670419,
      -1.9080213671384332,
      -1.926586200823125,
      -1.9327543010821937,
      -1.8453424073502616,
      -1.7099893295697353,
      -1.5831364637681575,
      -1.444150194130359,
      -1.267893833269286,
      -1.0980983144538725,
      -0.9469072399753208,
      -0.8334281998880206,
      -0.678572582621888,
      -0.5575082142747733,
      -0.44962618271564897,
      -0.39461122856973035,
      -0.34864515342030455,
      -0.2666764379461016,
      -0.2038598877118617,
      -0.24099067106972707,
      -0.3079906281897209,
      -0.3208119297602639,
      -0.36356425006780085,
      -0.4793883985929273,
      -0.6524176320914588,
      -0.826569820430919,
      -0.9548451506862995,
      -1.0841934559850956
    ]
  },
  "winding_resistance": 0.030152469532308296,
  "inductance": 1.0701490007068302e-05,
  "pid_dq_kp": 0.006723944477734073,
  "pid_dq_ki": 18.945355354057963,
  "torque_bw_hz": 100.0,
  "encoder_filter_bw_hz": 200.0,
  "encoder_filter_kp": 2513.2741228718346,
  "encoder_filter_ki": 1579136.7041742974,
  "v_per_hz": 0.10715230554562694,
  "kv": 279.97531035135387,
  "unwrapped_position_scale": 1.0
}
