{
  "timestamp": "2023-05-28 17:40:09.939047",
  "device_info": {
    "serial_number": "ADcAQDdTUA0gMjlC",
    "model": "800",
    "git_hash": "75df0139aaf6e76f207dffae17b81b39f3d5d5ce",
    "git_dirty": false,
    "git_timestamp": 1659188141,
    "uuid": "01e6abe2-0c78-4b1e-a79c-4d2a4f80e8a5"
  },
  "calibration": {
    "invert": false,
    "phase_invert": true,
    "poles": 28,
    "offset": [
      -1.2229745044846556,
      -1.429093701594744,
      -1.6100806572946924,
      -1.6985159110109824,
      -1.7617784170125874,
      -1.799813150591289,
      -1.8430912853136245,
      -1.8461175830847365,
      -1.7359260184332634,
      -1.5926107896682102,
      -1.4846655073529076,
      -1.3444333742582795,
      -1.170605565923871,
      -0.9961503624187803,
      -0.8516157885856742,
      -0.7278852366381445,
      -0.5985787489735986,
      -0.505174739804444,
      -0.38869736192498955,
      -0.3203054085984589,
      -0.29329840567303556,
      -0.2653834784735166,
      -0.22708028490506843,
      -0.24223973185647626,
      -0.2851264049380775,
      -0.3501987550772113,
      -0.4436380147797844,
      -0.5299058101269515,
      -0.6611107966825405,
      -0.8370759954875846,
      -1.0236029939242308,
      -1.20841570125803,
      -1.3282890017022821,
      -1.5092441976722277,
      -1.6757628101900326,
      -1.8044391277743934,
      -1.900515461764581,
      -1.9178205541674824,
      -1.9318801745407743,
      -1.9322842281276726,
      -1.8440891045660104,
      -1.7139947638476,
      -1.5818606702092968,
      -1.438097601324027,
      -1.2651065504006531,
      -1.0929234937522962,
      -0.9421301818384058,
      -0.8266689706695989,
      -0.6749104778087407,
      -0.5573609326727961,
      -0.4492630634464948,
      -0.39495885068717806,
      -0.3409389261995956,
      -0.25749643649825826,
      -0.20781404419973096,
      -0.2502776952768894,
      -0.3133662327975299,
      -0.32192385365779763,
      -0.3663490266353751,
      -0.4744794736059701,
      -0.6473890979759215,
      -0.824344974653425,
      -0.9449737440998329,
      -1.0910796102605724
    ]
  },
  "winding_resistance": 0.030669695660015782,
  "inductance": 1.0595109250706148e-05,
  "pid_dq_kp": 0.006657103477199939,
  "pid_dq_ki": 19.270338114668068,
  "torque_bw_hz": 100.0,
  "encoder_filter_bw_hz": 200.0,
  "encoder_filter_kp": 2513.2741228718346,
  "encoder_filter_ki": 1579136.7041742974,
  "v_per_hz": 0.09207282621962008,
  "kv": 325.8290337307709,
  "unwrapped_position_scale": 1.0
}
